1691284487642	geckodriver	INFO	Listening on 127.0.0.1:65133
1691284490692	mozrunner::runner	INFO	Running command: "C:\\Program Files\\Mozilla Firefox\\firefox.exe" "--marionette" "--remote-debugging-port" "65134" "--remote-allow-hosts" "localhost" "-no-remote" "-profile" "C:\\Users\\chaci\\AppData\\Local\\Temp\\rust_mozprofileTF6yQc"
console.warn: services.settings: Ignoring preference override of remote settings server
console.warn: services.settings: Allow by setting MOZ_REMOTE_SETTINGS_DEVTOOLS=1 in the environment
1691284491233	Marionette	INFO	Marionette enabled
Dynamically enable window occlusion 0
1691284491238	Marionette	INFO	Listening on port 65146
Read port: 65146
WebDriver BiDi listening on ws://127.0.0.1:65134
1691284491418	RemoteAgent	WARN	TLS certificate errors will be ignored for this session
DevTools listening on ws://127.0.0.1:65134/devtools/browser/12164422-b120-41f6-bef6-f3c7cdf64940
1691284495253	Marionette	WARN	Ignoring event 'DOMContentLoaded' because document has an invalid readyState of 'complete'.
1691284627444	geckodriver	INFO	Listening on 127.0.0.1:65335
1691284630507	mozrunner::runner	INFO	Running command: "C:\\Program Files\\Mozilla Firefox\\firefox.exe" "--marionette" "--remote-debugging-port" "65336" "--remote-allow-hosts" "localhost" "-no-remote" "-profile" "C:\\Users\\chaci\\AppData\\Local\\Temp\\rust_mozprofile7qf6Lf"
console.warn: services.settings: Ignoring preference override of remote settings server
console.warn: services.settings: Allow by setting MOZ_REMOTE_SETTINGS_DEVTOOLS=1 in the environment
1691284630984	Marionette	INFO	Marionette enabled
Dynamically enable window occlusion 0
1691284630988	Marionette	INFO	Listening on port 65345
Read port: 65345
WebDriver BiDi listening on ws://127.0.0.1:65336
1691284631139	RemoteAgent	WARN	TLS certificate errors will be ignored for this session
DevTools listening on ws://127.0.0.1:65336/devtools/browser/76a8e198-3d62-4970-942a-6a823caaf59b
1691284761916	geckodriver	INFO	Listening on 127.0.0.1:65473
1691284764971	mozrunner::runner	INFO	Running command: "C:\\Program Files\\Mozilla Firefox\\firefox.exe" "--marionette" "--remote-debugging-port" "65474" "--remote-allow-hosts" "localhost" "-no-remote" "-profile" "C:\\Users\\chaci\\AppData\\Local\\Temp\\rust_mozprofilehvsrE3"
console.warn: services.settings: Ignoring preference override of remote settings server
console.warn: services.settings: Allow by setting MOZ_REMOTE_SETTINGS_DEVTOOLS=1 in the environment
1691284765314	Marionette	INFO	Marionette enabled
Dynamically enable window occlusion 0
1691284765317	Marionette	INFO	Listening on port 65483
Read port: 65483
WebDriver BiDi listening on ws://127.0.0.1:65474
1691284765469	RemoteAgent	WARN	TLS certificate errors will be ignored for this session
DevTools listening on ws://127.0.0.1:65474/devtools/browser/688ffa56-cfcb-418c-ae4e-bfeca0655341
JavaScript warning: https://pagead2.googlesyndication.com/bg/kIq4F17gU0PhHrEAqq5LW5KBaaotvDbrj8nWHQtVVCk.js line 2 > eval line 2366 > eval line 1 > eval line 1 > eval, line 1: WEBGL_debug_renderer_info is deprecated in Firefox and will be removed. Please use RENDERER.
[Child 22392, MediaDecoderStateMachine #1] WARNING: 2003eb3bac0 Could not set cubeb stream name.: file /builds/worker/checkouts/gecko/dom/media/AudioStream.cpp:321
console.error: (new InvalidStateError("JSWindowActorChild.sendAsyncMessage: JSWindowActorChild cannot send at the moment", (void 0), 572))
console.error: (new InvalidStateError("JSWindowActorChild.sendAsyncMessage: JSWindowActorChild cannot send at the moment", (void 0), 572))
JavaScript error: resource:///modules/FaviconLoader.jsm, line 587: InvalidStateError: JSWindowActorChild.sendAsyncMessage: JSWindowActorChild cannot send at the moment
JavaScript error: resource:///modules/FaviconLoader.jsm, line 587: InvalidStateError: JSWindowActorChild.sendAsyncMessage: JSWindowActorChild cannot send at the moment
1691284867450	geckodriver	INFO	Listening on 127.0.0.1:49210
1691284870516	mozrunner::runner	INFO	Running command: "C:\\Program Files\\Mozilla Firefox\\firefox.exe" "--marionette" "--remote-debugging-port" "49211" "--remote-allow-hosts" "localhost" "-no-remote" "-profile" "C:\\Users\\chaci\\AppData\\Local\\Temp\\rust_mozprofileRa68kb"
console.warn: services.settings: Ignoring preference override of remote settings server
console.warn: services.settings: Allow by setting MOZ_REMOTE_SETTINGS_DEVTOOLS=1 in the environment
1691284870843	Marionette	INFO	Marionette enabled
Dynamically enable window occlusion 0
1691284870846	Marionette	INFO	Listening on port 49220
Read port: 49220
WebDriver BiDi listening on ws://127.0.0.1:49211
1691284870982	RemoteAgent	WARN	TLS certificate errors will be ignored for this session
DevTools listening on ws://127.0.0.1:49211/devtools/browser/26e7eff9-77f6-43df-a0d6-e8152bc5de1e
JavaScript warning: https://www.google.com/js/th/NwNT5Ks8chAEtov-zzFuWPPL2on9ikO4YKEbQljHKv4.js line 2 > eval line 1890 > eval line 1 > eval line 1 > eval, line 1: WEBGL_debug_renderer_info is deprecated in Firefox and will be removed. Please use RENDERER.
console.error: "Unable to find target with innerWindowId:6442450950"
JavaScript error: resource:///actors/ContextMenuChild.sys.mjs, line 571: TypeError: doc is null
JavaScript warning: https://www.google.com/js/th/NwNT5Ks8chAEtov-zzFuWPPL2on9ikO4YKEbQljHKv4.js line 2 > eval line 6433 > eval line 1 > eval line 1 > eval, line 1: WEBGL_debug_renderer_info is deprecated in Firefox and will be removed. Please use RENDERER.
console.error: "Unable to find target with innerWindowId:6442450959"
1691284956981	geckodriver	INFO	Listening on 127.0.0.1:49322
1691284960050	mozrunner::runner	INFO	Running command: "C:\\Program Files\\Mozilla Firefox\\firefox.exe" "--marionette" "--remote-debugging-port" "49323" "--remote-allow-hosts" "localhost" "-no-remote" "-profile" "C:\\Users\\chaci\\AppData\\Local\\Temp\\rust_mozprofiler3SY7V"
console.warn: services.settings: Ignoring preference override of remote settings server
console.warn: services.settings: Allow by setting MOZ_REMOTE_SETTINGS_DEVTOOLS=1 in the environment
1691284960345	Marionette	INFO	Marionette enabled
Dynamically enable window occlusion 0
1691284960349	Marionette	INFO	Listening on port 49332
Read port: 49332
WebDriver BiDi listening on ws://127.0.0.1:49323
1691284960510	RemoteAgent	WARN	TLS certificate errors will be ignored for this session
DevTools listening on ws://127.0.0.1:49323/devtools/browser/3afc16f3-7f6e-4fb7-b681-9eff0e220a20
1691284963729	Marionette	WARN	Ignoring event 'DOMContentLoaded' because document has an invalid readyState of 'complete'.
1691284976856	geckodriver	INFO	Listening on 127.0.0.1:49388
1691284979898	mozrunner::runner	INFO	Running command: "C:\\Program Files\\Mozilla Firefox\\firefox.exe" "--marionette" "--remote-debugging-port" "49389" "--remote-allow-hosts" "localhost" "-no-remote" "-profile" "C:\\Users\\chaci\\AppData\\Local\\Temp\\rust_mozprofile6aHUzQ"
console.warn: services.settings: Ignoring preference override of remote settings server
console.warn: services.settings: Allow by setting MOZ_REMOTE_SETTINGS_DEVTOOLS=1 in the environment
1691284980189	Marionette	INFO	Marionette enabled
Dynamically enable window occlusion 0
1691284980193	Marionette	INFO	Listening on port 49398
Read port: 49398
WebDriver BiDi listening on ws://127.0.0.1:49389
1691284980339	RemoteAgent	WARN	TLS certificate errors will be ignored for this session
DevTools listening on ws://127.0.0.1:49389/devtools/browser/966555dc-eb09-4282-9bf5-fe4fe9f0dd1e
1691284984404	Marionette	WARN	Ignoring event 'DOMContentLoaded' because document has an invalid readyState of 'complete'.
JavaScript warning: https://www.google.com/js/th/NwNT5Ks8chAEtov-zzFuWPPL2on9ikO4YKEbQljHKv4.js line 2 > eval line 6257 > eval line 1 > eval line 1 > eval, line 1: WEBGL_debug_renderer_info is deprecated in Firefox and will be removed. Please use RENDERER.
JavaScript warning: https://www.google.com/js/th/NwNT5Ks8chAEtov-zzFuWPPL2on9ikO4YKEbQljHKv4.js line 2 > eval line 3752 > eval line 1 > eval line 1 > eval, line 1: WEBGL_debug_renderer_info is deprecated in Firefox and will be removed. Please use RENDERER.
[Child 5672, MediaDecoderStateMachine #1] WARNING: 2b111cc1570 Could not set cubeb stream name.: file /builds/worker/checkouts/gecko/dom/media/AudioStream.cpp:321
JavaScript warning: https://www.google.com/js/th/NwNT5Ks8chAEtov-zzFuWPPL2on9ikO4YKEbQljHKv4.js line 2 > eval line 5390 > eval line 1 > eval line 1 > eval, line 1: WEBGL_debug_renderer_info is deprecated in Firefox and will be removed. Please use RENDERER.
JavaScript warning: https://pagead2.googlesyndication.com/bg/kIq4F17gU0PhHrEAqq5LW5KBaaotvDbrj8nWHQtVVCk.js line 2 > eval line 7536 > eval line 1 > eval line 1 > eval, line 1: WEBGL_debug_renderer_info is deprecated in Firefox and will be removed. Please use RENDERER.
JavaScript warning: https://www.google.com/js/th/NwNT5Ks8chAEtov-zzFuWPPL2on9ikO4YKEbQljHKv4.js line 2 > eval line 7557 > eval line 1 > eval line 1 > eval, line 1: WEBGL_debug_renderer_info is deprecated in Firefox and will be removed. Please use RENDERER.
JavaScript warning: https://www.google.com/js/th/NwNT5Ks8chAEtov-zzFuWPPL2on9ikO4YKEbQljHKv4.js line 2 > eval line 3247 > eval line 1 > eval line 1 > eval, line 1: WEBGL_debug_renderer_info is deprecated in Firefox and will be removed. Please use RENDERER.
console.error: "Unable to find target with innerWindowId:6442451004"
JavaScript error: resource://devtools/client/fronts/inspector.js, line 250: TypeError: this.targetFront is null
JavaScript warning: https://www.google.com/js/th/NwNT5Ks8chAEtov-zzFuWPPL2on9ikO4YKEbQljHKv4.js line 2 > eval line 6941 > eval line 1 > eval line 1 > eval, line 1: WEBGL_debug_renderer_info is deprecated in Firefox and will be removed. Please use RENDERER.
console.error: "Unable to find target with innerWindowId:6442451011"
JavaScript warning: https://www.google.com/js/th/NwNT5Ks8chAEtov-zzFuWPPL2on9ikO4YKEbQljHKv4.js line 2 > eval line 6432 > eval line 1 > eval line 1 > eval, line 1: WEBGL_debug_renderer_info is deprecated in Firefox and will be removed. Please use RENDERER.
console.error: "Unable to find target with innerWindowId:6442451018"
JavaScript warning: https://www.google.com/js/th/NwNT5Ks8chAEtov-zzFuWPPL2on9ikO4YKEbQljHKv4.js line 2 > eval line 2717 > eval line 1 > eval line 1 > eval, line 1: WEBGL_debug_renderer_info is deprecated in Firefox and will be removed. Please use RENDERER.
console.error: "Unable to find target with innerWindowId:6442451025"
JavaScript warning: https://www.google.com/js/th/NwNT5Ks8chAEtov-zzFuWPPL2on9ikO4YKEbQljHKv4.js line 2 > eval line 1215 > eval line 1 > eval line 1 > eval, line 1: WEBGL_debug_renderer_info is deprecated in Firefox and will be removed. Please use RENDERER.
console.error: "Unable to find target with innerWindowId:6442451032"
JavaScript warning: https://www.google.com/js/th/NwNT5Ks8chAEtov-zzFuWPPL2on9ikO4YKEbQljHKv4.js line 2 > eval line 5210 > eval line 1 > eval line 1 > eval, line 1: WEBGL_debug_renderer_info is deprecated in Firefox and will be removed. Please use RENDERER.
console.error: "Unable to find target with innerWindowId:6442451039"
console.warn: "Listener for event 'frame' did not return a promise."
JavaScript warning: https://www.google.com/js/th/NwNT5Ks8chAEtov-zzFuWPPL2on9ikO4YKEbQljHKv4.js line 2 > eval line 320 > eval line 1 > eval line 1 > eval, line 1: WEBGL_debug_renderer_info is deprecated in Firefox and will be removed. Please use RENDERER.
console.error: "Unable to find target with innerWindowId:6442451046"
JavaScript warning: https://www.google.com/js/th/NwNT5Ks8chAEtov-zzFuWPPL2on9ikO4YKEbQljHKv4.js line 2 > eval line 655 > eval line 1 > eval line 1 > eval, line 1: WEBGL_debug_renderer_info is deprecated in Firefox and will be removed. Please use RENDERER.
console.warn: "Listener for event 'frame' did not return a promise."
console.error: "Unable to find target with innerWindowId:6442451053"
console.error: (new Error("Connection closed, pending request to server0.conn0.windowGlobal6442451062/inspectorActor4, type supportsHighlighters failed\n\nRequest stack:\nrequest@resource://devtools/shared/protocol/Front.js:300:14\ngenerateRequestMethods/</frontProto[name]@resource://devtools/shared/protocol/Front/FrontClassWithSpec.js:47:19\nsupportsEyeDropper@resource://devtools/client/inspector/inspector.js:1356:40\nsetupToolbar@resource://devtools/client/inspector/inspector.js:1374:42\nonRootNodeAvailable@resource://devtools/client/inspector/inspector.js:382:12\npermitUnload@chrome://global/content/elements/browser-custom-element.js:1744:21\nCanCloseWindow@chrome://browser/content/browser.js:7861:36\nWindowIsClosing@chrome://browser/content/browser.js:7890:7\nBrowserTryToCloseWindow@chrome://browser/content/browser.js:3008:22\noncommand@chrome://browser/content/browser.xhtml:1:24\n", "resource://devtools/shared/protocol/Front.js", 106))
console.error: "Failed to start [root-node] legacy listener for target null" (new Error("Connection closed, pending request to server0.conn0.windowGlobal6442451064/domwalker19, type watchRootNode failed\n\nRequest stack:\nrequest@resource://devtools/shared/protocol/Front.js:300:14\ngenerateRequestMethods/</frontProto[name]@resource://devtools/shared/protocol/Front/FrontClassWithSpec.js:47:19\nmodule.exports@resource://devtools/shared/commands/resource/legacy-listeners/root-node.js:60:31\n", "resource://devtools/shared/protocol/Front.js", 106))
JavaScript error: resource://gre/modules/AsyncShutdown.sys.mjs, line 575: NotFoundError: No such JSWindowActor 'DevToolsFrame'
JavaScript error: resource://gre/modules/AsyncShutdown.sys.mjs, line 575: NotFoundError: No such JSWindowActor 'DevToolsFrame'
JavaScript error: resource://gre/modules/AsyncShutdown.sys.mjs, line 575: NotFoundError: No such JSWindowActor 'DevToolsFrame'
JavaScript error: resource://gre/modules/AsyncShutdown.sys.mjs, line 575: NotFoundError: No such JSWindowActor 'DevToolsFrame'
JavaScript error: resource://gre/modules/AsyncShutdown.sys.mjs, line 575: NotFoundError: No such JSWindowActor 'DevToolsFrame'
JavaScript error: resource://gre/modules/AsyncShutdown.sys.mjs, line 575: NotFoundError: No such JSWindowActor 'DevToolsFrame'
JavaScript error: resource://gre/modules/AsyncShutdown.sys.mjs, line 575: NotFoundError: No such JSWindowActor 'DevToolsFrame'
JavaScript error: resource://gre/modules/AsyncShutdown.sys.mjs, line 575: NotFoundError: No such JSWindowActor 'DevToolsFrame'
JavaScript error: resource://gre/modules/AsyncShutdown.sys.mjs, line 575: NotFoundError: No such JSWindowActor 'DevToolsFrame'
JavaScript error: resource://gre/modules/AsyncShutdown.sys.mjs, line 575: NotFoundError: No such JSWindowActor 'DevToolsFrame'
1691285188409	Marionette	INFO	Stopped listening on port 49398
Dynamically enable window occlusion 1
console.error: "stylesheets: fetch failed for https://www.youtube.com/s/desktop/79c80fdc/cssbin/www-main-desktop-watch-page-skeleton.css, using system principal instead."
1691285209237	geckodriver	INFO	Listening on 127.0.0.1:49609
1691285212293	mozrunner::runner	INFO	Running command: "C:\\Program Files\\Mozilla Firefox\\firefox.exe" "--marionette" "--remote-debugging-port" "49610" "--remote-allow-hosts" "localhost" "-no-remote" "-profile" "C:\\Users\\chaci\\AppData\\Local\\Temp\\rust_mozprofileDRMVK9"
console.warn: services.settings: Ignoring preference override of remote settings server
console.warn: services.settings: Allow by setting MOZ_REMOTE_SETTINGS_DEVTOOLS=1 in the environment
1691285212640	Marionette	INFO	Marionette enabled
Dynamically enable window occlusion 0
1691285212643	Marionette	INFO	Listening on port 49619
WebDriver BiDi listening on ws://127.0.0.1:49610
Read port: 49619
1691285212795	RemoteAgent	WARN	TLS certificate errors will be ignored for this session
1691285219749	geckodriver	INFO	Listening on 127.0.0.1:49628
1691285222818	mozrunner::runner	INFO	Running command: "C:\\Program Files\\Mozilla Firefox\\firefox.exe" "--marionette" "--remote-debugging-port" "49629" "--remote-allow-hosts" "localhost" "-no-remote" "-profile" "C:\\Users\\chaci\\AppData\\Local\\Temp\\rust_mozprofile450riD"
console.warn: services.settings: Ignoring preference override of remote settings server
console.warn: services.settings: Allow by setting MOZ_REMOTE_SETTINGS_DEVTOOLS=1 in the environment
1691285223106	Marionette	INFO	Marionette enabled
Dynamically enable window occlusion 0
1691285223110	Marionette	INFO	Listening on port 49638
Read port: 49638
WebDriver BiDi listening on ws://127.0.0.1:49629
1691285223249	RemoteAgent	WARN	TLS certificate errors will be ignored for this session
DevTools listening on ws://127.0.0.1:49629/devtools/browser/cbc24e39-3e61-49fb-85a1-45ba54efc85f
1691285226345	Marionette	WARN	Ignoring event 'DOMContentLoaded' because document has an invalid readyState of 'complete'.
JavaScript warning: https://www.google.com/js/th/NwNT5Ks8chAEtov-zzFuWPPL2on9ikO4YKEbQljHKv4.js line 2 > eval line 5288 > eval line 1 > eval line 1 > eval, line 1: WEBGL_debug_renderer_info is deprecated in Firefox and will be removed. Please use RENDERER.
JavaScript warning: https://www.google.com/js/th/NwNT5Ks8chAEtov-zzFuWPPL2on9ikO4YKEbQljHKv4.js line 2 > eval line 1961 > eval line 1 > eval line 1 > eval, line 1: WEBGL_debug_renderer_info is deprecated in Firefox and will be removed. Please use RENDERER.
JavaScript warning: https://www.google.com/js/th/NwNT5Ks8chAEtov-zzFuWPPL2on9ikO4YKEbQljHKv4.js line 2 > eval line 375 > eval line 1 > eval line 1 > eval, line 1: WEBGL_debug_renderer_info is deprecated in Firefox and will be removed. Please use RENDERER.
JavaScript warning: https://www.google.com/js/th/NwNT5Ks8chAEtov-zzFuWPPL2on9ikO4YKEbQljHKv4.js line 2 > eval line 1350 > eval line 1 > eval line 1 > eval, line 1: WEBGL_debug_renderer_info is deprecated in Firefox and will be removed. Please use RENDERER.
JavaScript warning: https://www.google.com/js/th/NwNT5Ks8chAEtov-zzFuWPPL2on9ikO4YKEbQljHKv4.js line 2 > eval line 3763 > eval line 1 > eval line 1 > eval, line 1: WEBGL_debug_renderer_info is deprecated in Firefox and will be removed. Please use RENDERER.
1691285330422	geckodriver	INFO	Listening on 127.0.0.1:49761
1691285333496	mozrunner::runner	INFO	Running command: "C:\\Program Files\\Mozilla Firefox\\firefox.exe" "--marionette" "--remote-debugging-port" "49762" "--remote-allow-hosts" "localhost" "-no-remote" "-profile" "C:\\Users\\chaci\\AppData\\Local\\Temp\\rust_mozprofilechhUDo"
console.warn: services.settings: Ignoring preference override of remote settings server
console.warn: services.settings: Allow by setting MOZ_REMOTE_SETTINGS_DEVTOOLS=1 in the environment
1691285333816	Marionette	INFO	Marionette enabled
Dynamically enable window occlusion 0
1691285333820	Marionette	INFO	Listening on port 49771
Read port: 49771
WebDriver BiDi listening on ws://127.0.0.1:49762
1691285333979	RemoteAgent	WARN	TLS certificate errors will be ignored for this session
DevTools listening on ws://127.0.0.1:49762/devtools/browser/3993bbb1-cba5-426c-8b79-a8f30c0396b6
1691285337144	Marionette	WARN	Ignoring event 'DOMContentLoaded' because document has an invalid readyState of 'complete'.
JavaScript warning: https://pagead2.googlesyndication.com/bg/kIq4F17gU0PhHrEAqq5LW5KBaaotvDbrj8nWHQtVVCk.js line 2 > eval line 7488 > eval line 1 > eval line 1 > eval, line 1: WEBGL_debug_renderer_info is deprecated in Firefox and will be removed. Please use RENDERER.
JavaScript warning: https://www.google.com/js/th/NwNT5Ks8chAEtov-zzFuWPPL2on9ikO4YKEbQljHKv4.js line 2 > eval line 3791 > eval line 1 > eval line 1 > eval, line 1: WEBGL_debug_renderer_info is deprecated in Firefox and will be removed. Please use RENDERER.
1691285353267	Marionette	INFO	Stopped listening on port 49771
Dynamically enable window occlusion 1
1691316852274	geckodriver	INFO	Listening on 127.0.0.1:55402
1691316855355	mozrunner::runner	INFO	Running command: "C:\\Program Files\\Mozilla Firefox\\firefox.exe" "--marionette" "--remote-debugging-port" "55403" "--remote-allow-hosts" "localhost" "-no-remote" "-profile" "C:\\Users\\chaci\\AppData\\Local\\Temp\\rust_mozprofilefsOyl3"
console.warn: services.settings: Ignoring preference override of remote settings server
console.warn: services.settings: Allow by setting MOZ_REMOTE_SETTINGS_DEVTOOLS=1 in the environment
1691316855815	Marionette	INFO	Marionette enabled
Dynamically enable window occlusion 0
1691316855820	Marionette	INFO	Listening on port 55412
Read port: 55412
WebDriver BiDi listening on ws://127.0.0.1:55403
1691316856006	RemoteAgent	WARN	TLS certificate errors will be ignored for this session
DevTools listening on ws://127.0.0.1:55403/devtools/browser/4c344526-98ac-465f-a1c1-ab84f9886c62
1691316861484	Marionette	WARN	Ignoring event 'DOMContentLoaded' because document has an invalid readyState of 'complete'.
[Child 28688, MediaDecoderStateMachine #1] WARNING: Decoder=25527e05800 state=DECODING_METADATA Decode metadata failed, shutting down decoder: file /builds/worker/checkouts/gecko/dom/media/MediaDecoderStateMachine.cpp:372
[Child 28688, MediaDecoderStateMachine #1] WARNING: Decoder=25527e05800 Decode error: NS_ERROR_DOM_MEDIA_METADATA_ERR (0x806e0006) - static MP4Metadata::ResultAndByteBuffer __cdecl mozilla::MP4Metadata::Metadata(ByteStream *): Cannot parse metadata: file /builds/worker/checkouts/gecko/dom/media/MediaDecoderStateMachineBase.cpp:164
JavaScript warning: https://www.google.com/js/th/NwNT5Ks8chAEtov-zzFuWPPL2on9ikO4YKEbQljHKv4.js line 2 > eval line 4494 > eval line 1 > eval line 1 > eval, line 1: WEBGL_debug_renderer_info is deprecated in Firefox and will be removed. Please use RENDERER.
JavaScript warning: https://www.google.com/js/th/NwNT5Ks8chAEtov-zzFuWPPL2on9ikO4YKEbQljHKv4.js line 2 > eval line 1662 > eval line 1 > eval line 1 > eval, line 1: WEBGL_debug_renderer_info is deprecated in Firefox and will be removed. Please use RENDERER.
JavaScript warning: https://www.google.com/js/th/NwNT5Ks8chAEtov-zzFuWPPL2on9ikO4YKEbQljHKv4.js line 2 > eval line 3986 > eval line 1 > eval line 1 > eval, line 1: WEBGL_debug_renderer_info is deprecated in Firefox and will be removed. Please use RENDERER.
JavaScript warning: https://www.google.com/js/th/NwNT5Ks8chAEtov-zzFuWPPL2on9ikO4YKEbQljHKv4.js line 2 > eval line 7067 > eval line 1 > eval line 1 > eval, line 1: WEBGL_debug_renderer_info is deprecated in Firefox and will be removed. Please use RENDERER.
1691316917809	Marionette	INFO	Stopped listening on port 55412
Dynamically enable window occlusion 1
1691317120824	geckodriver	INFO	Listening on 127.0.0.1:55615
1691317123884	mozrunner::runner	INFO	Running command: "C:\\Program Files\\Mozilla Firefox\\firefox.exe" "--marionette" "--remote-debugging-port" "55616" "--remote-allow-hosts" "localhost" "-no-remote" "-profile" "C:\\Users\\chaci\\AppData\\Local\\Temp\\rust_mozprofileOsoDcu"
console.warn: services.settings: Ignoring preference override of remote settings server
console.warn: services.settings: Allow by setting MOZ_REMOTE_SETTINGS_DEVTOOLS=1 in the environment
1691317124201	Marionette	INFO	Marionette enabled
Dynamically enable window occlusion 0
1691317124205	Marionette	INFO	Listening on port 55623
WebDriver BiDi listening on ws://127.0.0.1:55616
Read port: 55623
1691317124362	RemoteAgent	WARN	TLS certificate errors will be ignored for this session
DevTools listening on ws://127.0.0.1:55616/devtools/browser/5f0d2c94-9efe-476c-aa0e-c7bab7374dba
1691317131072	Marionette	WARN	Ignoring event 'DOMContentLoaded' because document has an invalid readyState of 'complete'.
JavaScript warning: https://www.google.com/js/th/NwNT5Ks8chAEtov-zzFuWPPL2on9ikO4YKEbQljHKv4.js line 2 > eval line 917 > eval line 1 > eval line 1 > eval, line 1: WEBGL_debug_renderer_info is deprecated in Firefox and will be removed. Please use RENDERER.
JavaScript warning: https://www.google.com/js/th/NwNT5Ks8chAEtov-zzFuWPPL2on9ikO4YKEbQljHKv4.js line 2 > eval line 3256 > eval line 1 > eval line 1 > eval, line 1: WEBGL_debug_renderer_info is deprecated in Firefox and will be removed. Please use RENDERER.
1691317173242	Marionette	INFO	Stopped listening on port 55623
Dynamically enable window occlusion 1
